ERROR - 2022-07-29 15:58:51 --> Error connecting to the database: php_network_getaddresses: getaddrinfo failed: Temporary failure in name resolution
CRITICAL - 2022-07-29 15:58:51 --> Unable to connect to the database.
Main connection [MySQLi]: php_network_getaddresses: getaddrinfo failed: Temporary failure in name resolution
in SYSTEMPATH/Database/BaseConnection.php on line 416.
 1 SYSTEMPATH/Database/BaseConnection.php(586): CodeIgniter\Database\BaseConnection->initialize()
 2 SYSTEMPATH/Database/BaseBuilder.php(1585): CodeIgniter\Database\BaseConnection->query('SELECT *
FROM `list`', [], false)
 3 SYSTEMPATH/Model.php(222): CodeIgniter\Database\BaseBuilder->get()
 4 SYSTEMPATH/BaseModel.php(584): CodeIgniter\Model->doFindAll(0, 0)
 5 APPPATH/Controllers/ToDo.php(12): CodeIgniter\BaseModel->findAll()
 6 SYSTEMPATH/CodeIgniter.php(896): App\Controllers\ToDo->index()
 7 SYSTEMPATH/CodeIgniter.php(466): CodeIgniter\CodeIgniter->runController(Object(App\Controllers\ToDo))
 8 SYSTEMPATH/CodeIgniter.php(349): CodeIgniter\CodeIgniter->handleRequest(null, Object(Config\Cache), false)
 9 FCPATH/index.php(55): CodeIgniter\CodeIgniter->run()
ERROR - 2022-07-29 16:07:42 --> Error connecting to the database: Unknown database 'project'
CRITICAL - 2022-07-29 16:07:42 --> Unable to connect to the database.
Main connection [MySQLi]: Unknown database 'project'
in SYSTEMPATH/Database/BaseConnection.php on line 416.
 1 SYSTEMPATH/Database/BaseConnection.php(586): CodeIgniter\Database\BaseConnection->initialize()
 2 SYSTEMPATH/Database/BaseBuilder.php(1585): CodeIgniter\Database\BaseConnection->query('SELECT *
FROM `list`', [], false)
 3 SYSTEMPATH/Model.php(222): CodeIgniter\Database\BaseBuilder->get()
 4 SYSTEMPATH/BaseModel.php(584): CodeIgniter\Model->doFindAll(0, 0)
 5 APPPATH/Controllers/ToDo.php(12): CodeIgniter\BaseModel->findAll()
 6 SYSTEMPATH/CodeIgniter.php(896): App\Controllers\ToDo->index()
 7 SYSTEMPATH/CodeIgniter.php(466): CodeIgniter\CodeIgniter->runController(Object(App\Controllers\ToDo))
 8 SYSTEMPATH/CodeIgniter.php(349): CodeIgniter\CodeIgniter->handleRequest(null, Object(Config\Cache), false)
 9 FCPATH/index.php(55): CodeIgniter\CodeIgniter->run()
